[2013-02-27 09:39:08,078](DEBUG)4 : #########
[2013-02-27 09:39:08,078](INFO)4 : info message
[2013-02-27 09:39:08,078](WARNING)4 : warn message
[2013-02-27 09:39:08,078](ERROR)4 : error message
[2013-02-27 09:39:08,078](CRITICAL)4 : critical message
[2013-02-27 09:39:08,467](INFO)4 : and the next nothing is 44827
[2013-02-27 09:39:08,828](INFO)4 : and the next nothing is 45439
[2013-02-27 09:39:09,203](INFO)4 : <font color=red>Your hands are getting tired </font>and the next nothing is 94485
[2013-02-27 09:39:09,562](INFO)4 : and the next nothing is 72198
[2013-02-27 09:39:09,937](INFO)4 : and the next nothing is 80992
[2013-02-27 09:39:10,296](INFO)4 : and the next nothing is 8880
[2013-02-27 09:39:10,655](INFO)4 : and the next nothing is 40961
[2013-02-27 09:39:11,030](INFO)4 : and the next nothing is 58765
[2013-02-27 09:39:11,390](INFO)4 : and the next nothing is 46561
[2013-02-27 09:39:11,765](INFO)4 : and the next nothing is 13418
[2013-02-27 09:39:12,125](INFO)4 : and the next nothing is 41954
[2013-02-27 09:39:12,483](INFO)4 : and the next nothing is 46782
[2013-02-27 09:39:12,858](INFO)4 : and the next nothing is 92730
[2013-02-27 09:39:13,217](INFO)4 : and the next nothing is 89229
[2013-02-27 09:39:13,578](INFO)4 : and the next nothing is 25646
[2013-02-27 09:39:13,953](INFO)4 : and the next nothing is 74288
[2013-02-27 09:39:14,312](INFO)4 : and the next nothing is 25945
[2013-02-27 09:39:14,671](INFO)4 : and the next nothing is 39876
[2013-02-27 09:39:15,030](INFO)4 : and the next nothing is 8498
[2013-02-27 09:39:15,405](INFO)4 : and the next nothing is 34684
[2013-02-27 09:39:15,765](INFO)4 : and the next nothing is 62316
[2013-02-27 09:39:16,125](INFO)4 : and the next nothing is 71331
[2013-02-27 09:39:16,500](INFO)4 : and the next nothing is 59717
[2013-02-27 09:39:16,858](INFO)4 : and the next nothing is 76893
[2013-02-27 09:39:17,233](INFO)4 : and the next nothing is 44091
[2013-02-27 09:39:17,640](INFO)4 : and the next nothing is 73241
[2013-02-27 09:39:18,046](INFO)4 : and the next nothing is 19242
[2013-02-27 09:39:18,467](INFO)4 : and the next nothing is 17476
[2013-02-27 09:39:18,828](INFO)4 : and the next nothing is 39566
[2013-02-27 09:39:19,187](INFO)4 : and the next nothing is 81293
[2013-02-27 09:39:19,562](INFO)4 : and the next nothing is 25857
[2013-02-27 09:39:19,921](INFO)4 : and the next nothing is 74343
[2013-02-27 09:39:20,296](INFO)4 : and the next nothing is 39410
[2013-02-27 09:39:20,655](INFO)4 : and the next nothing is 5505
[2013-02-27 09:39:21,015](INFO)4 : and the next nothing is 27104
[2013-02-27 09:39:21,390](INFO)4 : and the next nothing is 54003
[2013-02-27 09:39:21,750](INFO)4 : and the next nothing is 23501
[2013-02-27 09:39:22,108](INFO)4 : and the next nothing is 21110
[2013-02-27 09:39:22,483](INFO)4 : and the next nothing is 88399
[2013-02-27 09:39:22,842](INFO)4 : and the next nothing is 49740
[2013-02-27 09:39:23,203](INFO)4 : and the next nothing is 31552
[2013-02-27 09:39:23,578](INFO)4 : and the next nothing is 39998
[2013-02-27 09:39:23,937](INFO)4 : and the next nothing is 19755
[2013-02-27 09:39:24,312](INFO)4 : and the next nothing is 64624
[2013-02-27 09:39:24,671](INFO)4 : and the next nothing is 37817
[2013-02-27 09:39:25,030](INFO)4 : and the next nothing is 43427
[2013-02-27 09:39:25,405](INFO)4 : and the next nothing is 15115
[2013-02-27 09:39:25,765](INFO)4 : and the next nothing is 44327
[2013-02-27 09:39:26,140](INFO)4 : and the next nothing is 7715
[2013-02-27 09:39:26,500](INFO)4 : and the next nothing is 15248
[2013-02-27 09:39:26,875](INFO)4 : and the next nothing is 61895
[2013-02-27 09:39:27,233](INFO)4 : and the next nothing is 54759
[2013-02-27 09:39:27,592](INFO)4 : and the next nothing is 54270
[2013-02-27 09:39:27,953](INFO)4 : and the next nothing is 51332
[2013-02-27 09:39:28,328](INFO)4 : and the next nothing is 63481
[2013-02-27 09:39:28,703](INFO)4 : and the next nothing is 12362
[2013-02-27 09:39:29,062](INFO)4 : and the next nothing is 94476
[2013-02-27 09:39:29,421](INFO)4 : and the next nothing is 87810
[2013-02-27 09:39:29,796](INFO)4 : and the next nothing is 6027
[2013-02-27 09:39:30,155](INFO)4 : and the next nothing is 47551
[2013-02-27 09:39:30,530](INFO)4 : and the next nothing is 79498
[2013-02-27 09:39:30,890](INFO)4 : and the next nothing is 81226
[2013-02-27 09:39:31,265](INFO)4 : and the next nothing is 4256
[2013-02-27 09:39:31,625](INFO)4 : and the next nothing is 62734
[2013-02-27 09:39:31,983](INFO)4 : and the next nothing is 25666
[2013-02-27 09:39:32,358](INFO)4 : and the next nothing is 14781
[2013-02-27 09:39:32,733](INFO)4 : and the next nothing is 21412
[2013-02-27 09:39:33,092](INFO)4 : and the next nothing is 55205
[2013-02-27 09:39:33,467](INFO)4 : and the next nothing is 65516
[2013-02-27 09:39:33,875](INFO)4 : and the next nothing is 53535
[2013-02-27 09:39:34,265](INFO)4 : and the next nothing is 4437
[2013-02-27 09:39:34,640](INFO)4 : and the next nothing is 43442
[2013-02-27 09:39:35,015](INFO)4 : and the next nothing is 91308
[2013-02-27 09:39:35,500](INFO)4 : and the next nothing is 1312
[2013-02-27 09:39:35,890](INFO)4 : and the next nothing is 36268
[2013-02-27 09:39:36,280](INFO)4 : and the next nothing is 34289
[2013-02-27 09:39:36,687](INFO)4 : and the next nothing is 46384
[2013-02-27 09:39:37,062](INFO)4 : and the next nothing is 18097
[2013-02-27 09:39:37,437](INFO)4 : and the next nothing is 9401
[2013-02-27 09:39:37,828](INFO)4 : and the next nothing is 54249
[2013-02-27 09:39:38,203](INFO)4 : and the next nothing is 29247
[2013-02-27 09:39:38,578](INFO)4 : and the next nothing is 13115
[2013-02-27 09:39:38,953](INFO)4 : and the next nothing is 23053
[2013-02-27 09:39:39,328](INFO)4 : and the next nothing is 3875
[2013-02-27 09:39:39,717](INFO)4 : and the next nothing is 16044
[2013-02-27 09:39:40,108](INFO)4 : Yes. Divide by two and keep going.
[2013-02-27 09:39:40,500](INFO)4 : and the next nothing is 6711
[2013-02-27 09:39:40,875](INFO)4 : and the next nothing is 2795
[2013-02-27 09:39:41,265](INFO)4 : and the next nothing is 41423
[2013-02-27 09:39:41,655](INFO)4 : and the next nothing is 61398
[2013-02-27 09:39:42,046](INFO)4 : and the next nothing is 82101
[2013-02-27 09:39:42,437](INFO)4 : and the next nothing is 6050
[2013-02-27 09:39:42,828](INFO)4 : and the next nothing is 48393
[2013-02-27 09:39:43,217](INFO)4 : and the next nothing is 92208
[2013-02-27 09:39:43,608](INFO)4 : and the next nothing is 51904
[2013-02-27 09:39:43,983](INFO)4 : and the next nothing is 87044
[2013-02-27 09:39:44,375](INFO)4 : and the next nothing is 28624
[2013-02-27 09:39:44,765](INFO)4 : and the next nothing is 63192
[2013-02-27 09:39:45,171](INFO)4 : and the next nothing is 23545
[2013-02-27 09:39:45,562](INFO)4 : and the next nothing is 40515
[2013-02-27 09:39:45,937](INFO)4 : and the next nothing is 23103
[2013-02-27 09:39:46,328](INFO)4 : and the next nothing is 70434
[2013-02-27 09:39:46,812](INFO)4 : and the next nothing is 7390
[2013-02-27 09:39:47,217](INFO)4 : and the next nothing is 20271
[2013-02-27 09:39:47,608](INFO)4 : and the next nothing is 31740
[2013-02-27 09:39:48,000](INFO)4 : and the next nothing is 78535
[2013-02-27 09:39:48,390](INFO)4 : and the next nothing is 35989
[2013-02-27 09:39:48,765](INFO)4 : and the next nothing is 29825
[2013-02-27 09:39:49,155](INFO)4 : and the next nothing is 11659
[2013-02-27 09:39:49,546](INFO)4 : and the next nothing is 64706
[2013-02-27 09:39:49,937](INFO)4 : and the next nothing is 87988
[2013-02-27 09:39:50,296](INFO)4 : and the next nothing is 74795
[2013-02-27 09:39:50,671](INFO)4 : and the next nothing is 20524
[2013-02-27 09:39:51,030](INFO)4 : and the next nothing is 87330
[2013-02-27 09:39:51,405](INFO)4 : and the next nothing is 44916
[2013-02-27 09:39:51,780](INFO)4 : and the next nothing is 60177
[2013-02-27 09:39:52,155](INFO)4 : and the next nothing is 87871
[2013-02-27 09:39:52,546](INFO)4 : and the next nothing is 37289
[2013-02-27 09:39:52,937](INFO)4 : and the next nothing is 96724
[2013-02-27 09:39:53,328](INFO)4 : and the next nothing is 90279
[2013-02-27 09:39:53,703](INFO)4 : and the next nothing is 2163
[2013-02-27 09:39:54,092](INFO)4 : and the next nothing is 9562
[2013-02-27 09:39:54,483](INFO)4 : and the next nothing is 38643
[2013-02-27 09:39:54,875](INFO)4 : and the next nothing is 18798
[2013-02-27 09:39:55,265](INFO)4 : and the next nothing is 78891
[2013-02-27 09:39:55,640](INFO)4 : and the next nothing is 33498
[2013-02-27 09:39:56,030](INFO)4 : and the next nothing is 62279
[2013-02-27 09:39:56,421](INFO)4 : and the next nothing is 71399
[2013-02-27 09:39:56,780](INFO)4 : and the next nothing is 15045
[2013-02-27 09:39:58,717](INFO)4 : and the next nothing is 8069
[2013-02-27 09:39:59,108](INFO)4 : and the next nothing is 37079
[2013-02-27 09:39:59,500](INFO)4 : and the next nothing is 79882
[2013-02-27 09:39:59,890](INFO)4 : and the next nothing is 45652
[2013-02-27 09:40:00,280](INFO)4 : and the next nothing is 73655
[2013-02-27 09:40:00,671](INFO)4 : and the next nothing is 78065
[2013-02-27 09:40:01,062](INFO)4 : and the next nothing is 61771
[2013-02-27 09:40:01,437](INFO)4 : and the next nothing is 5942
[2013-02-27 09:40:01,812](INFO)4 : and the next nothing is 6035
[2013-02-27 09:40:02,171](INFO)4 : and the next nothing is 77828
[2013-02-27 09:40:02,546](INFO)4 : and the next nothing is 67323
[2013-02-27 09:40:02,921](INFO)4 : and the next nothing is 26910
[2013-02-27 09:40:03,280](INFO)4 : and the next nothing is 40417
[2013-02-27 09:40:03,655](INFO)4 : and the next nothing is 85682
[2013-02-27 09:40:04,015](INFO)4 : and the next nothing is 92559
[2013-02-27 09:40:04,375](INFO)4 : and the next nothing is 1739
[2013-02-27 09:40:04,750](INFO)4 : and the next nothing is 17576
[2013-02-27 09:40:05,108](INFO)4 : and the next nothing is 42685
[2013-02-27 09:40:05,483](INFO)4 : and the next nothing is 90502
[2013-02-27 09:40:05,842](INFO)4 : and the next nothing is 71450
[2013-02-27 09:40:06,203](INFO)4 : and the next nothing is 97694
[2013-02-27 09:40:06,578](INFO)4 : and the next nothing is 94017
[2013-02-27 09:40:06,953](INFO)4 : and the next nothing is 85831
[2013-02-27 09:40:07,358](INFO)4 : and the next nothing is 45257
[2013-02-27 09:40:07,717](INFO)4 : and the next nothing is 11892
[2013-02-27 09:40:08,078](INFO)4 : and the next nothing is 34329
[2013-02-27 09:40:08,453](INFO)4 : and the next nothing is 58457
[2013-02-27 09:40:08,812](INFO)4 : and the next nothing is 5146
[2013-02-27 09:40:09,187](INFO)4 : and the next nothing is 26066
[2013-02-27 09:40:09,546](INFO)4 : and the next nothing is 24933
[2013-02-27 09:40:09,921](INFO)4 : and the next nothing is 41245
[2013-02-27 09:40:10,280](INFO)4 : and the next nothing is 80431
[2013-02-27 09:40:10,640](INFO)4 : and the next nothing is 17847
[2013-02-27 09:40:11,015](INFO)4 : and the next nothing is 11094
[2013-02-27 09:40:11,375](INFO)4 : and the next nothing is 9862
[2013-02-27 09:40:11,733](INFO)4 : and the next nothing is 41609
[2013-02-27 09:40:12,108](INFO)4 : and the next nothing is 41464
[2013-02-27 09:40:12,483](INFO)4 : and the next nothing is 64197
[2013-02-27 09:40:12,890](INFO)4 : and the next nothing is 40975
[2013-02-27 09:40:13,265](INFO)4 : and the next nothing is 68209
[2013-02-27 09:40:13,640](INFO)4 : and the next nothing is 11817
[2013-02-27 09:40:14,000](INFO)4 : and the next nothing is 21164
[2013-02-27 09:40:14,358](INFO)4 : and the next nothing is 69656
[2013-02-27 09:40:14,717](INFO)4 : and the next nothing is 65659
[2013-02-27 09:40:15,092](INFO)4 : and the next nothing is 7912
[2013-02-27 09:40:15,453](INFO)4 : and the next nothing is 46184
[2013-02-27 09:40:15,828](INFO)4 : and the next nothing is 47588
[2013-02-27 09:40:16,187](INFO)4 : and the next nothing is 66694
[2013-02-27 09:40:16,546](INFO)4 : and the next nothing is 48488
[2013-02-27 09:40:16,921](INFO)4 : and the next nothing is 35578
[2013-02-27 09:40:17,280](INFO)4 : and the next nothing is 52755
[2013-02-27 09:40:17,640](INFO)4 : and the next nothing is 53240
[2013-02-27 09:40:18,015](INFO)4 : and the next nothing is 28779
[2013-02-27 09:40:18,375](INFO)4 : and the next nothing is 87434
[2013-02-27 09:40:18,733](INFO)4 : and the next nothing is 2893
[2013-02-27 09:40:19,108](INFO)4 : and the next nothing is 38911
[2013-02-27 09:40:19,467](INFO)4 : and the next nothing is 20228
[2013-02-27 09:40:19,828](INFO)4 : and the next nothing is 96757
[2013-02-27 09:40:20,203](INFO)4 : and the next nothing is 64222
[2013-02-27 09:40:20,562](INFO)4 : and the next nothing is 63400
[2013-02-27 09:40:20,921](INFO)4 : and the next nothing is 40331
[2013-02-27 09:40:21,296](INFO)4 : and the next nothing is 87315
[2013-02-27 09:40:21,655](INFO)4 : and the next nothing is 92607
[2013-02-27 09:40:22,015](INFO)4 : and the next nothing is 50444
[2013-02-27 09:40:22,390](INFO)4 : and the next nothing is 30541
[2013-02-27 09:40:22,750](INFO)4 : and the next nothing is 35016
[2013-02-27 09:40:23,108](INFO)4 : and the next nothing is 71847
[2013-02-27 09:40:23,483](INFO)4 : and the next nothing is 66789
[2013-02-27 09:40:23,842](INFO)4 : and the next nothing is 97961
[2013-02-27 09:40:24,217](INFO)4 : and the next nothing is 91353
[2013-02-27 09:40:24,578](INFO)4 : and the next nothing is 51744
[2013-02-27 09:40:24,937](INFO)4 : and the next nothing is 63910
[2013-02-27 09:40:25,312](INFO)4 : and the next nothing is 72575
[2013-02-27 09:40:25,671](INFO)4 : and the next nothing is 12534
[2013-02-27 09:40:26,046](INFO)4 : and the next nothing is 81770
[2013-02-27 09:40:26,405](INFO)4 : and the next nothing is 96197
[2013-02-27 09:40:26,765](INFO)4 : and the next nothing is 96075
[2013-02-27 09:40:27,140](INFO)4 : and the next nothing is 30777
[2013-02-27 09:40:27,500](INFO)4 : and the next nothing is 18330
[2013-02-27 09:40:27,875](INFO)4 : and the next nothing is 85501
[2013-02-27 09:40:28,233](INFO)4 : and the next nothing is 43650
[2013-02-27 09:40:28,592](INFO)4 : and the next nothing is 4816
[2013-02-27 09:40:28,967](INFO)4 : and the next nothing is 1268
[2013-02-27 09:40:29,328](INFO)4 : and the next nothing is 65392
[2013-02-27 09:40:29,687](INFO)4 : and the next nothing is 96042
[2013-02-27 09:40:30,062](INFO)4 : and the next nothing is 54749
[2013-02-27 09:40:30,421](INFO)4 : and the next nothing is 45080
[2013-02-27 09:40:30,796](INFO)4 : and the next nothing is 35868
[2013-02-27 09:40:31,155](INFO)4 : and the next nothing is 30075
[2013-02-27 09:40:31,515](INFO)4 : and the next nothing is 55294
[2013-02-27 09:40:31,890](INFO)4 : and the next nothing is 8621
[2013-02-27 09:40:32,250](INFO)4 : and the next nothing is 12921
[2013-02-27 09:40:32,625](INFO)4 : and the next nothing is 38256
[2013-02-27 09:40:32,983](INFO)4 : and the next nothing is 73928
[2013-02-27 09:40:33,342](INFO)4 : and the next nothing is 10196
[2013-02-27 09:40:33,717](INFO)4 : and the next nothing is 59331
[2013-02-27 09:40:34,078](INFO)4 : and the next nothing is 92375
[2013-02-27 09:40:34,437](INFO)4 : and the next nothing is 54947
[2013-02-27 09:40:34,796](INFO)4 : and the next nothing is 3971
[2013-02-27 09:40:35,171](INFO)4 : and the next nothing is 53575
[2013-02-27 09:40:35,530](INFO)4 : and the next nothing is 63322
[2013-02-27 09:40:35,890](INFO)4 : and the next nothing is 87410
[2013-02-27 09:40:36,265](INFO)4 : and the next nothing is 83513
[2013-02-27 09:40:36,625](INFO)4 : and the next nothing is 31138
[2013-02-27 09:40:37,000](INFO)4 : and the next nothing is 21816
[2013-02-27 09:40:37,358](INFO)4 : and the next nothing is 73964
[2013-02-27 09:40:37,733](INFO)4 : and the next nothing is 5672
[2013-02-27 09:40:38,092](INFO)4 : and the next nothing is 46100
[2013-02-27 09:40:38,467](INFO)4 : and the next nothing is 60609
[2013-02-27 09:40:38,828](INFO)4 : and the next nothing is 97237
[2013-02-27 09:40:39,203](INFO)4 : and the next nothing is 66321
[2013-02-27 09:40:39,578](INFO)4 : and the next nothing is 57079
[2013-02-27 09:40:39,937](INFO)4 : and the next nothing is 55261
[2013-02-27 09:40:40,296](INFO)4 : and the next nothing is 21938
[2013-02-27 09:40:40,671](INFO)4 : and the next nothing is 16501
[2013-02-27 09:40:41,030](INFO)4 : and the next nothing is 59784
[2013-02-27 09:40:41,390](INFO)4 : and the next nothing is 96205
[2013-02-27 09:40:41,765](INFO)4 : and the next nothing is 56874
[2013-02-27 09:40:42,125](INFO)4 : and the next nothing is 92975
[2013-02-27 09:40:42,483](INFO)4 : and the next nothing is 31717
[2013-02-27 09:40:42,858](INFO)4 : and the next nothing is 37395
[2013-02-27 09:40:43,217](INFO)4 : and the next nothing is 8242
[2013-02-27 09:40:43,578](INFO)4 : and the next nothing is 27211
[2013-02-27 09:40:43,953](INFO)4 : and the next nothing is 95656
[2013-02-27 09:40:44,312](INFO)4 : and the next nothing is 33886
[2013-02-27 09:40:44,687](INFO)4 : and the next nothing is 5629
[2013-02-27 09:40:45,062](INFO)4 : and the next nothing is 1417
[2013-02-27 09:40:45,453](INFO)4 : and the next nothing is 3359
[2013-02-27 09:40:45,812](INFO)4 : and the next nothing is 80075
[2013-02-27 09:40:46,171](INFO)4 : and the next nothing is 35132
[2013-02-27 09:40:46,546](INFO)4 : and the next nothing is 82930
[2013-02-27 09:40:46,905](INFO)4 : and the next nothing is 35846
[2013-02-27 09:40:47,265](INFO)4 : and the next nothing is 31785
[2013-02-27 09:40:47,640](INFO)4 : and the next nothing is 41846
[2013-02-27 09:40:51,358](INFO)4 : and the next nothing is 72387
[2013-02-27 09:40:51,717](INFO)4 : and the next nothing is 59334
[2013-02-27 09:40:52,078](INFO)4 : and the next nothing is 65520
[2013-02-27 09:40:52,453](INFO)4 : and the next nothing is 93781
[2013-02-27 09:40:52,812](INFO)4 : and the next nothing is 55840
[2013-02-27 09:40:53,171](INFO)4 : and the next nothing is 80842
[2013-02-27 09:40:53,546](INFO)4 : and the next nothing is 59022
[2013-02-27 09:40:53,905](INFO)4 : and the next nothing is 23298
[2013-02-27 09:40:54,280](INFO)4 : and the next nothing is 27709
[2013-02-27 09:40:54,640](INFO)4 : and the next nothing is 96791
[2013-02-27 09:40:55,000](INFO)4 : and the next nothing is 75635
[2013-02-27 09:40:55,358](INFO)4 : and the next nothing is 52899
[2013-02-27 09:40:55,733](INFO)4 : and the next nothing is 66831
[2013-02-27 09:40:56,108](INFO)4 : peak.html
[2013-02-27 09:40:56,467](INFO)4 : and the next nothing is 6711
[2013-02-27 09:40:56,828](INFO)4 : and the next nothing is 2795
[2013-02-27 09:40:57,187](INFO)4 : and the next nothing is 41423
[2013-02-27 09:40:57,562](INFO)4 : and the next nothing is 61398
[2013-02-27 09:40:57,921](INFO)4 : and the next nothing is 82101
[2013-02-27 09:40:58,280](INFO)4 : and the next nothing is 6050
[2013-02-27 09:40:58,655](INFO)4 : and the next nothing is 48393
[2013-02-27 09:40:59,015](INFO)4 : and the next nothing is 92208
[2013-02-27 09:40:59,375](INFO)4 : and the next nothing is 51904
[2013-02-27 09:40:59,733](INFO)4 : and the next nothing is 87044
[2013-02-27 09:41:00,108](INFO)4 : and the next nothing is 28624
[2013-02-27 09:41:00,467](INFO)4 : and the next nothing is 63192
[2013-02-27 09:41:00,828](INFO)4 : and the next nothing is 23545
[2013-02-27 09:41:01,203](INFO)4 : and the next nothing is 40515
[2013-02-27 09:41:01,562](INFO)4 : and the next nothing is 23103
[2013-02-27 09:41:01,937](INFO)4 : and the next nothing is 70434
[2013-02-27 09:41:02,296](INFO)4 : and the next nothing is 7390
[2013-02-27 09:41:02,655](INFO)4 : and the next nothing is 20271
[2013-02-27 09:41:03,030](INFO)4 : and the next nothing is 31740
[2013-02-27 09:41:03,390](INFO)4 : and the next nothing is 78535
[2013-02-27 09:41:03,780](INFO)4 : and the next nothing is 35989
[2013-02-27 09:41:04,140](INFO)4 : and the next nothing is 29825
[2013-02-27 09:41:04,515](INFO)4 : and the next nothing is 11659
[2013-02-27 09:41:04,875](INFO)4 : and the next nothing is 64706
[2013-02-27 09:41:05,233](INFO)4 : and the next nothing is 87988
[2013-02-27 09:41:05,608](INFO)4 : and the next nothing is 74795
[2013-02-27 09:41:05,967](INFO)4 : and the next nothing is 20524
[2013-02-27 09:41:06,328](INFO)4 : and the next nothing is 87330
[2013-02-27 09:41:06,703](INFO)4 : and the next nothing is 44916
[2013-02-27 09:41:07,062](INFO)4 : and the next nothing is 60177
[2013-02-27 09:41:07,421](INFO)4 : and the next nothing is 87871
[2013-02-27 09:41:07,796](INFO)4 : and the next nothing is 37289
[2013-02-27 09:41:08,155](INFO)4 : and the next nothing is 96724
[2013-02-27 09:41:08,515](INFO)4 : and the next nothing is 90279
[2013-02-27 09:41:08,890](INFO)4 : and the next nothing is 2163
[2013-02-27 09:41:09,250](INFO)4 : and the next nothing is 9562
[2013-02-27 09:41:09,608](INFO)4 : and the next nothing is 38643
[2013-02-27 09:41:09,983](INFO)4 : and the next nothing is 18798
[2013-02-27 09:41:10,342](INFO)4 : and the next nothing is 78891
[2013-02-27 09:41:10,703](INFO)4 : and the next nothing is 33498
[2013-02-27 09:41:11,062](INFO)4 : and the next nothing is 62279
[2013-02-27 09:41:11,437](INFO)4 : and the next nothing is 71399
[2013-02-27 09:41:11,796](INFO)4 : and the next nothing is 15045
[2013-02-27 09:41:12,155](INFO)4 : and the next nothing is 8069
[2013-02-27 09:41:12,530](INFO)4 : and the next nothing is 37079
[2013-02-27 09:41:12,890](INFO)4 : and the next nothing is 79882
[2013-02-27 09:41:13,250](INFO)4 : and the next nothing is 45652
[2013-02-27 09:41:13,625](INFO)4 : and the next nothing is 73655
[2013-02-27 09:41:13,983](INFO)4 : and the next nothing is 78065
[2013-02-27 09:41:14,342](INFO)4 : and the next nothing is 61771
[2013-02-27 09:41:14,717](INFO)4 : and the next nothing is 5942
[2013-02-27 09:41:15,092](INFO)4 : and the next nothing is 6035
[2013-02-27 09:41:15,467](INFO)4 : and the next nothing is 77828
[2013-02-27 09:41:15,828](INFO)4 : and the next nothing is 67323
[2013-02-27 09:41:16,187](INFO)4 : and the next nothing is 26910
[2013-02-27 09:41:16,562](INFO)4 : and the next nothing is 40417
[2013-02-27 09:41:16,937](INFO)4 : and the next nothing is 85682
[2013-02-27 09:41:17,312](INFO)4 : and the next nothing is 92559
[2013-02-27 09:41:17,703](INFO)4 : and the next nothing is 1739
[2013-02-27 09:41:18,062](INFO)4 : and the next nothing is 17576
[2013-02-27 09:41:18,437](INFO)4 : and the next nothing is 42685
[2013-02-27 09:41:18,796](INFO)4 : and the next nothing is 90502
[2013-02-27 09:41:19,171](INFO)4 : and the next nothing is 71450
[2013-02-27 09:41:19,530](INFO)4 : and the next nothing is 97694
[2013-02-27 09:41:19,890](INFO)4 : and the next nothing is 94017
[2013-02-27 09:41:20,250](INFO)4 : and the next nothing is 85831
[2013-02-27 09:41:20,625](INFO)4 : and the next nothing is 45257
[2013-02-27 09:41:20,983](INFO)4 : and the next nothing is 11892
[2013-02-27 09:41:21,342](INFO)4 : and the next nothing is 34329
[2013-02-27 09:41:21,717](INFO)4 : and the next nothing is 58457
[2013-02-27 09:41:22,078](INFO)4 : and the next nothing is 5146
[2013-02-27 09:41:22,437](INFO)4 : and the next nothing is 26066
[2013-02-27 09:41:22,812](INFO)4 : and the next nothing is 24933
[2013-02-27 09:41:23,171](INFO)4 : and the next nothing is 41245
[2013-02-27 09:41:23,530](INFO)4 : and the next nothing is 80431
[2013-02-27 09:41:23,905](INFO)4 : and the next nothing is 17847
[2013-02-27 09:41:24,296](INFO)4 : and the next nothing is 11094
[2013-02-27 09:41:24,655](INFO)4 : and the next nothing is 9862
[2013-02-27 09:41:25,030](INFO)4 : and the next nothing is 41609
[2013-02-27 09:41:25,390](INFO)4 : and the next nothing is 41464
[2013-02-27 09:41:25,765](INFO)4 : and the next nothing is 64197
[2013-02-27 09:41:26,125](INFO)4 : and the next nothing is 40975
[2013-02-27 09:41:26,483](INFO)4 : and the next nothing is 68209
[2013-02-27 09:41:26,858](INFO)4 : and the next nothing is 11817
[2013-02-27 09:41:27,217](INFO)4 : and the next nothing is 21164
[2013-02-27 09:41:27,592](INFO)4 : and the next nothing is 69656
[2013-02-27 09:41:27,953](INFO)4 : and the next nothing is 65659
[2013-02-27 09:41:28,328](INFO)4 : and the next nothing is 7912
[2013-02-27 09:41:28,687](INFO)4 : and the next nothing is 46184
[2013-02-27 09:41:29,062](INFO)4 : and the next nothing is 47588
[2013-02-27 09:41:29,421](INFO)4 : and the next nothing is 66694
[2013-02-27 09:41:29,780](INFO)4 : and the next nothing is 48488
[2013-02-27 09:41:30,155](INFO)4 : and the next nothing is 35578
[2013-02-27 09:41:30,515](INFO)4 : and the next nothing is 52755
[2013-02-27 09:41:30,875](INFO)4 : and the next nothing is 53240
[2013-02-27 09:41:31,250](INFO)4 : and the next nothing is 28779
[2013-02-27 09:41:31,608](INFO)4 : and the next nothing is 87434
[2013-02-27 09:41:31,967](INFO)4 : and the next nothing is 2893
[2013-02-27 09:41:32,342](INFO)4 : and the next nothing is 38911
[2013-02-27 09:41:32,703](INFO)4 : and the next nothing is 20228
[2013-02-27 09:41:33,062](INFO)4 : and the next nothing is 96757
[2013-02-27 09:41:33,437](INFO)4 : and the next nothing is 64222
[2013-02-27 09:41:33,796](INFO)4 : and the next nothing is 63400
[2013-02-27 09:41:34,155](INFO)4 : and the next nothing is 40331
[2013-02-27 09:41:34,530](INFO)4 : and the next nothing is 87315
[2013-02-27 09:41:34,890](INFO)4 : and the next nothing is 92607
[2013-02-27 09:41:35,342](INFO)4 : and the next nothing is 50444
[2013-02-27 09:41:35,703](INFO)4 : and the next nothing is 30541
[2013-02-27 09:41:36,062](INFO)4 : and the next nothing is 35016
[2013-02-27 09:41:36,421](INFO)4 : and the next nothing is 71847
[2013-02-27 09:41:36,796](INFO)4 : and the next nothing is 66789
[2013-02-27 09:41:37,155](INFO)4 : and the next nothing is 97961
[2013-02-27 09:41:37,530](INFO)4 : and the next nothing is 91353
[2013-02-27 09:41:37,890](INFO)4 : and the next nothing is 51744
[2013-02-27 09:41:38,250](INFO)4 : and the next nothing is 63910
[2013-02-27 09:41:38,608](INFO)4 : and the next nothing is 72575
[2013-02-27 09:41:38,983](INFO)4 : and the next nothing is 12534
[2013-02-27 09:41:39,342](INFO)4 : and the next nothing is 81770
[2013-02-27 09:41:39,703](INFO)4 : and the next nothing is 96197
[2013-02-27 09:41:40,078](INFO)4 : and the next nothing is 96075
[2013-02-27 09:41:40,437](INFO)4 : and the next nothing is 30777
[2013-02-27 09:41:40,796](INFO)4 : and the next nothing is 18330
[2013-02-27 09:41:41,155](INFO)4 : and the next nothing is 85501
[2013-02-27 09:41:41,530](INFO)4 : and the next nothing is 43650
[2013-02-27 09:41:41,890](INFO)4 : and the next nothing is 4816
[2013-02-27 09:41:42,250](INFO)4 : and the next nothing is 1268
[2013-02-27 09:41:42,625](INFO)4 : and the next nothing is 65392
[2013-02-27 09:41:42,983](INFO)4 : and the next nothing is 96042
